[1008/121939.273:ERROR:filesystem_win.cc(129)] GetFileAttributes C:\Users\Tomas\AppData\Local\Google\Chrome\User Data\Crashpad\attachments\09b2cac8-db9e-4134-b78a-e3df95bc3055: The system cannot find the path specified. (0x3)
[1008/121939.277:ERROR:filesystem_win.cc(129)] GetFileAttributes C:\Users\Tomas\AppData\Local\Google\Chrome\User Data\Crashpad\attachments\2828dac4-36d5-4d6a-bf70-f0b28ed5bff5: The system cannot find the path specified. (0x3)
[1008/121939.278:ERROR:filesystem_win.cc(129)] GetFileAttributes C:\Users\Tomas\AppData\Local\Google\Chrome\User Data\Crashpad\attachments\2cc3939e-9b67-4f01-abbb-52ac98c04ca3: The system cannot find the path specified. (0x3)
[1008/121939.279:ERROR:filesystem_win.cc(129)] GetFileAttributes C:\Users\Tomas\AppData\Local\Google\Chrome\User Data\Crashpad\attachments\4445f040-1513-433a-ac48-b8539ad89ecc: The system cannot find the path specified. (0x3)
[1008/121939.280:ERROR:filesystem_win.cc(129)] GetFileAttributes C:\Users\Tomas\AppData\Local\Google\Chrome\User Data\Crashpad\attachments\47194ff1-f8de-4688-afab-873d5c1329de: The system cannot find the path specified. (0x3)
[1008/121939.281:ERROR:filesystem_win.cc(129)] GetFileAttributes C:\Users\Tomas\AppData\Local\Google\Chrome\User Data\Crashpad\attachments\4736bf5f-6010-4f78-ad56-f63c363dc20d: The system cannot find the path specified. (0x3)
[1008/121939.283:ERROR:filesystem_win.cc(129)] GetFileAttributes C:\Users\Tomas\AppData\Local\Google\Chrome\User Data\Crashpad\attachments\49390357-5edf-4fbf-8807-cb608a9becbb: The system cannot find the path specified. (0x3)
[1008/121939.284:ERROR:filesystem_win.cc(129)] GetFileAttributes C:\Users\Tomas\AppData\Local\Google\Chrome\User Data\Crashpad\attachments\52333260-18c0-4397-bc13-a74cf0acf60c: The system cannot find the path specified. (0x3)
[1008/121939.285:ERROR:filesystem_win.cc(129)] GetFileAttributes C:\Users\Tomas\AppData\Local\Google\Chrome\User Data\Crashpad\attachments\5f157979-2edf-433a-9258-ea905b10c93a: The system cannot find the path specified. (0x3)
[1008/121939.290:ERROR:filesystem_win.cc(129)] GetFileAttributes C:\Users\Tomas\AppData\Local\Google\Chrome\User Data\Crashpad\attachments\627e77de-5e7d-4368-b863-3ec84d785491: The system cannot find the path specified. (0x3)
[1008/121939.297:ERROR:filesystem_win.cc(129)] GetFileAttributes C:\Users\Tomas\AppData\Local\Google\Chrome\User Data\Crashpad\attachments\686efcfe-1bbc-4c87-a391-433ef9e656b0: The system cannot find the path specified. (0x3)
[1008/121939.299:ERROR:filesystem_win.cc(129)] GetFileAttributes C:\Users\Tomas\AppData\Local\Google\Chrome\User Data\Crashpad\attachments\80999007-4b50-4df6-9a5c-3f8a472bc0b1: The system cannot find the path specified. (0x3)
[1008/121939.300:ERROR:filesystem_win.cc(129)] GetFileAttributes C:\Users\Tomas\AppData\Local\Google\Chrome\User Data\Crashpad\attachments\98840896-16e3-4233-9e23-724e571f5aed: The system cannot find the path specified. (0x3)
[1008/121939.300:ERROR:filesystem_win.cc(129)] GetFileAttributes C:\Users\Tomas\AppData\Local\Google\Chrome\User Data\Crashpad\attachments\9d8ce7e6-7fe7-46d6-a84b-cb39d08b13b3: The system cannot find the path specified. (0x3)
[1008/121939.302:ERROR:filesystem_win.cc(129)] GetFileAttributes C:\Users\Tomas\AppData\Local\Google\Chrome\User Data\Crashpad\attachments\b88be8b1-37a2-43cb-9203-3d396c865b58: The system cannot find the path specified. (0x3)
[1008/121939.303:ERROR:filesystem_win.cc(129)] GetFileAttributes C:\Users\Tomas\AppData\Local\Google\Chrome\User Data\Crashpad\attachments\bb83f7cb-efba-4a32-ab89-c599eaf8851e: The system cannot find the path specified. (0x3)
[1008/121939.304:ERROR:filesystem_win.cc(129)] GetFileAttributes C:\Users\Tomas\AppData\Local\Google\Chrome\User Data\Crashpad\attachments\c59c4274-5313-4dd4-ae25-d9917209d0fe: The system cannot find the path specified. (0x3)
[1008/121939.306:ERROR:filesystem_win.cc(129)] GetFileAttributes C:\Users\Tomas\AppData\Local\Google\Chrome\User Data\Crashpad\attachments\d7cdcf74-98b4-495b-8d35-5a37b93163b7: The system cannot find the path specified. (0x3)
[1008/121939.306:ERROR:filesystem_win.cc(129)] GetFileAttributes C:\Users\Tomas\AppData\Local\Google\Chrome\User Data\Crashpad\attachments\f0618305-bf84-4d85-87c3-8c471d05e896: The system cannot find the path specified. (0x3)
[1008/121939.307:ERROR:filesystem_win.cc(129)] GetFileAttributes C:\Users\Tomas\AppData\Local\Google\Chrome\User Data\Crashpad\attachments\f0fbb93f-6212-4b08-8f00-937de8568233: The system cannot find the path specified. (0x3)
[1008/121939.309:ERROR:filesystem_win.cc(129)] GetFileAttributes C:\Users\Tomas\AppData\Local\Google\Chrome\User Data\Crashpad\attachments\f794bfc3-6af9-450e-abf1-def302d9f1ed: The system cannot find the path specified. (0x3)
[1008/121939.309:ERROR:filesystem_win.cc(129)] GetFileAttributes C:\Users\Tomas\AppData\Local\Google\Chrome\User Data\Crashpad\attachments\f9a2ded2-c7ff-4191-96cf-ff32b7932240: The system cannot find the path specified. (0x3)
[1008/121939.310:ERROR:directory_reader_win.cc(43)] FindFirstFile: The system cannot find the path specified. (0x3)
[1010/155651.174:ERROR:directory_reader_win.cc(43)] FindFirstFile: The system cannot find the path specified. (0x3)
[1011/022029.738:ERROR:directory_reader_win.cc(43)] FindFirstFile: The system cannot find the path specified. (0x3)
[1015/193814.910:ERROR:directory_reader_win.cc(43)] FindFirstFile: The system cannot find the path specified. (0x3)
[1017/165745.350:ERROR:directory_reader_win.cc(43)] FindFirstFile: The system cannot find the path specified. (0x3)
[1019/184515.603:ERROR:directory_reader_win.cc(43)] FindFirstFile: El sistema no puede encontrar la ruta especificada. (0x3)
[1022/194203.416:ERROR:directory_reader_win.cc(43)] FindFirstFile: The system cannot find the path specified. (0x3)
[1025/152324.975:ERROR:directory_reader_win.cc(43)] FindFirstFile: The system cannot find the path specified. (0x3)
[1025/164933.436:ERROR:directory_reader_win.cc(43)] FindFirstFile: The system cannot find the path specified. (0x3)
[1025/201330.648:ERROR:directory_reader_win.cc(43)] FindFirstFile: The system cannot find the path specified. (0x3)
[1031/163059.309:ERROR:directory_reader_win.cc(43)] FindFirstFile: The system cannot find the path specified. (0x3)[1101/160135.116:ERROR:directory_reader_win.cc(43)] FindFirstFile: El sistema no puede encontrar la ruta especificada. (0x3)
